# JRE version: Java(TM) SE Runtime Environment 18.9 (11.0.14+8) (build 11.0.14+8-LTS-263)
# Java VM: Java HotSpot(TM) 64-Bit Server VM 18.9 (11.0.14+8-LTS-263, mixed mode, tiered, compressed oops, g1 gc, windows-amd64)
Heap:
 garbage-first heap   total 200704K, used 113535K [0x00000000c2200000, 0x0000000100000000)
  region size 1024K, 1 young (1024K), 1 survivors (1024K)
 Metaspace       used 84243K, capacity 85098K, committed 85328K, reserved 1126400K
  class space    used 9076K, capacity 9435K, committed 9472K, reserved 1048576K
GC Heap History (10 events):
Event: 96.426 GC heap after
{Heap after GC invocations=65 (full 0):
 garbage-first heap   total 133120K, used 116971K [0x00000000c2200000, 0x0000000100000000)
  region size 1024K, 1 young (1024K), 1 survivors (1024K)
 Metaspace       used 78112K, capacity 78942K, committed 79056K, reserved 1120256K
  class space    used 8423K, capacity 8791K, committed 8832K, reserved 1048576K
}
Event: 96.936 GC heap before
{Heap before GC invocations=66 (full 0):
 garbage-first heap   total 133120K, used 122091K [0x00000000c2200000, 0x0000000100000000)
  region size 1024K, 6 young (6144K), 1 survivors (1024K)
 Metaspace       used 78899K, capacity 79710K, committed 79952K, reserved 1120256K
  class space    used 8497K, capacity 8855K, committed 8960K, reserved 1048576K
}
Event: 96.949 GC heap after
{Heap after GC invocations=67 (full 0):
 garbage-first heap   total 159744K, used 117119K [0x00000000c2200000, 0x0000000100000000)
  region size 1024K, 1 young (1024K), 1 survivors (1024K)
 Metaspace       used 78899K, capacity 79710K, committed 79952K, reserved 1120256K
  class space    used 8497K, capacity 8855K, committed 8960K, reserved 1048576K
}
Event: 98.329 GC heap before
{Heap before GC invocations=67 (full 0):
 garbage-first heap   total 159744K, used 129407K [0x00000000c2200000, 0x0000000100000000)
  region size 1024K, 14 young (14336K), 1 survivors (1024K)
 Metaspace       used 81243K, capacity 82110K, committed 82256K, reserved 1122304K
  class space    used 8769K, capacity 9143K, committed 9216K, reserved 1048576K
}
Event: 98.346 GC heap after
{Heap after GC invocations=68 (full 0):
 garbage-first heap   total 159744K, used 117691K [0x00000000c2200000, 0x0000000100000000)
  region size 1024K, 2 young (2048K), 2 survivors (2048K)
 Metaspace       used 81243K, capacity 82110K, committed 82256K, reserved 1122304K
  class space    used 8769K, capacity 9143K, committed 9216K, reserved 1048576K
}
Event: 99.577 GC heap before
{Heap before GC invocations=68 (full 0):
 garbage-first heap   total 159744K, used 128955K [0x00000000c2200000, 0x0000000100000000)
  region size 1024K, 15 young (15360K), 2 survivors (2048K)
 Metaspace       used 82532K, capacity 83393K, committed 83664K, reserved 1124352K
  class space    used 8913K, capacity 9272K, committed 9344K, reserved 1048576K
}
Event: 99.604 GC heap after
{Heap after GC invocations=69 (full 0):
 garbage-first heap   total 159744K, used 117256K [0x00000000c2200000, 0x0000000100000000)
  region size 1024K, 2 young (2048K), 2 survivors (2048K)
 Metaspace       used 82532K, capacity 83393K, committed 83664K, reserved 1124352K
  class space    used 8913K, capacity 9272K, committed 9344K, reserved 1048576K
}
Event: 100.624 GC heap before
{Heap before GC invocations=70 (full 0):
 garbage-first heap   total 159744K, used 131592K [0x00000000c2200000, 0x0000000100000000)
  region size 1024K, 16 young (16384K), 2 survivors (2048K)
 Metaspace       used 83567K, capacity 84385K, committed 84560K, reserved 1124352K
  class space    used 9002K, capacity 9368K, committed 9472K, reserved 1048576K
}
Event: 100.654 GC heap after
{Heap after GC invocations=71 (full 0):
 garbage-first heap   total 159744K, used 118624K [0x00000000c2200000, 0x0000000100000000)
  region size 1024K, 2 young (2048K), 2 survivors (2048K)
 Metaspace       used 83567K, capacity 84385K, committed 84560K, reserved 1124352K
  class space    used 9002K, capacity 9368K, committed 9472K, reserved 1048576K
}
Event: 101.183 GC heap before
{Heap before GC invocations=71 (full 0):
 garbage-first heap   total 159744K, used 122720K [0x00000000c2200000, 0x0000000100000000)
  region size 1024K, 7 young (7168K), 2 survivors (2048K)
 Metaspace       used 84243K, capacity 85098K, committed 85328K, reserved 1126400K
  class space    used 9076K, capacity 9435K, committed 9472K, reserved 1048576K
}

